<?xml version="1.0" encoding="UTF-8"?>
<testng-results skipped="0" failed="0" total="1" passed="1">
  <reporter-output>
  </reporter-output>
  <suite name="Default suite" duration-ms="30224" started-at="2016-05-04T02:54:22Z" finished-at="2016-05-04T02:54:52Z">
    <groups>
    </groups>
    <test name="Default test" duration-ms="30224" started-at="2016-05-04T02:54:22Z" finished-at="2016-05-04T02:54:52Z">
      <class name="com.paddu.GmailTest">
        <test-method status="PASS" signature="openBrowser()[pri:0, instance:com.paddu.GmailTest@1753acfe]" name="openBrowser" is-config="true" duration-ms="13304" started-at="2016-05-03T19:54:22Z" finished-at="2016-05-03T19:54:35Z">
          <reporter-output>
          </reporter-output>
        </test-method> <!-- openBrowser -->
        <test-method status="PASS" signature="sendAndReceiveEmail()[pri:0, instance:com.paddu.GmailTest@1753acfe]" name="sendAndReceiveEmail" duration-ms="16869" started-at="2016-05-03T19:54:35Z" finished-at="2016-05-03T19:54:52Z">
          <reporter-output>
          </reporter-output>
        </test-method> <!-- sendAndReceiveEmail -->
        <test-method status="PASS" signature="tearDown()[pri:0, instance:com.paddu.GmailTest@1753acfe]" name="tearDown" is-config="true" duration-ms="26" started-at="2016-05-03T19:54:52Z" finished-at="2016-05-03T19:54:52Z">
          <reporter-output>
          </reporter-output>
        </test-method> <!-- tearDown -->
      </class> <!-- com.paddu.GmailTest -->
    </test> <!-- Default test -->
  </suite> <!-- Default suite -->
</testng-results>
